Build started 4/18/2014 4:28:42 PM.
     1>Project "C:\Users\Chris\Documents\GitHub\GolfBawlz\GolfBawlZ\GolfBawlZ.vcxproj" on node 2 (Build target(s)).
     1>ClCompile:
         C:\Program Files (x86)\Microsoft Visual Studio 12.0\VC\bin\CL.exe /c /ZI /nologo /W3 /WX- /Od /Oy- /D WIN32 /D _DEBUG /D _CONSOLE /D _LIB /D _UNICODE /D UNICODE /Gm /EHsc /RTC1 /MDd /GS /fp:precise /Zc:wchar_t /Zc:forScope /Fo"Debug\\" /Fd"Debug\vc120.pdb" /Gd /TP /analyze- /errorReport:prompt src\Camera.cpp src\FileIO.cpp src\GameManager.cpp src\GolfBawlZ.cpp src\Level.cpp src\Light.cpp src\Tile.cpp
         Tile.cpp
         Light.cpp
         Level.cpp
         GolfBawlZ.cpp
     1>c:\users\chris\documents\github\golfbawlz\golfbawlz\src\golfbawlz.cpp(145): warning C4244: 'initializing' : conversion from 'std::streamoff' to 'size_t', possible loss of data
         GLM: perspective function taking degrees as a parameter is deprecated. #define GLM_FORCE_RADIANS before including GLM headers to remove this message.
         GLM: rotate function taking degrees as a parameter is deprecated. #define GLM_FORCE_RADIANS before including GLM headers to remove this message.
         GameManager.cpp
         FileIO.cpp
         Camera.cpp
         Generating Code...
       Link:
         C:\Program Files (x86)\Microsoft Visual Studio 12.0\VC\bin\link.exe /ERRORREPORT:PROMPT /OUT:"C:\Users\Chris\Documents\GitHub\GolfBawlz\Debug\GolfBawlZ.exe" /INCREMENTAL:NO /NOLOGO freeglut.lib glew32.lib kernel32.lib user32.lib gdi32.lib winspool.lib comdlg32.lib advapi32.lib shell32.lib ole32.lib oleaut32.lib uuid.lib odbc32.lib odbccp32.lib /MANIFEST /MANIFESTUAC:"level='asInvoker' uiAccess='false'" /manifest:embed /DEBUG /PDB:"C:\Users\Chris\Documents\GitHub\GolfBawlz\Debug\GolfBawlZ.pdb" /SUBSYSTEM:CONSOLE /TLBID:1 /DYNAMICBASE /NXCOMPAT /IMPLIB:"C:\Users\Chris\Documents\GitHub\GolfBawlz\Debug\GolfBawlZ.lib" /MACHINE:X86 Debug\Camera.obj
         Debug\FileIO.obj
         Debug\GameManager.obj
         Debug\GolfBawlZ.obj
         Debug\Level.obj
         Debug\Light.obj
         Debug\Tile.obj
     1>Camera.obj : warning LNK4075: ignoring '/EDITANDCONTINUE' due to '/OPT:LBR' specification
         GolfBawlZ.vcxproj -> C:\Users\Chris\Documents\GitHub\GolfBawlz\Debug\GolfBawlZ.exe
     1>Done Building Project "C:\Users\Chris\Documents\GitHub\GolfBawlz\GolfBawlZ\GolfBawlZ.vcxproj" (Build target(s)).

Build succeeded.

Time Elapsed 00:00:01.21
