c:\users\chris\documents\visual studio 2013\projects\minigolf\minigolf\debug\vc120.pdb
c:\users\chris\documents\visual studio 2013\projects\minigolf\minigolf\debug\vc120.idb
c:\users\chris\documents\visual studio 2013\projects\minigolf\minigolf\debug\gamemanager.obj
c:\users\chris\documents\visual studio 2013\projects\minigolf\minigolf\debug\level.obj
c:\users\chris\documents\visual studio 2013\projects\minigolf\minigolf\debug\minigolf.obj
c:\users\chris\documents\visual studio 2013\projects\minigolf\minigolf\debug\shader.obj
c:\users\chris\documents\visual studio 2013\projects\minigolf\minigolf\debug\tile.obj
c:\users\chris\documents\visual studio 2013\projects\minigolf\minigolf\debug\fileio.obj
c:\users\chris\documents\visual studio 2013\projects\minigolf\minigolf\debug\ball.obj
c:\users\chris\documents\visual studio 2013\projects\minigolf\minigolf\debug\cup.obj
c:\users\chris\documents\visual studio 2013\projects\minigolf\minigolf\debug\object3d.obj
c:\users\chris\documents\visual studio 2013\projects\minigolf\minigolf\debug\tee.obj
c:\users\chris\documents\visual studio 2013\projects\minigolf\debug\minigolf.ilk
c:\users\chris\documents\visual studio 2013\projects\minigolf\debug\minigolf.exe
c:\users\chris\documents\visual studio 2013\projects\minigolf\debug\minigolf.pdb
c:\users\chris\documents\github\golfbawlz\minigolf\debug\minigolf.tlog\cl.command.1.tlog
c:\users\chris\documents\github\golfbawlz\minigolf\debug\minigolf.tlog\cl.read.1.tlog
c:\users\chris\documents\github\golfbawlz\minigolf\debug\minigolf.tlog\cl.write.1.tlog
c:\users\chris\documents\github\golfbawlz\minigolf\debug\minigolf.tlog\link.command.1.tlog
c:\users\chris\documents\github\golfbawlz\minigolf\debug\minigolf.tlog\link.read.1.tlog
c:\users\chris\documents\github\golfbawlz\minigolf\debug\minigolf.tlog\link.write.1.tlog
